0 info it worked if it ends with ok
1 verbose cli [ '/usr/bin/node', '/usr/bin/npm', 'install', 'node' ]
2 info using npm@3.5.2
3 info using node@v8.10.0
4 verbose config Skipping project config: /home/northout/.npmrc. (matches userconfig)
5 silly loadCurrentTree Starting
6 silly install loadCurrentTree
7 silly install readLocalPackageData
8 silly fetchPackageMetaData node
9 silly fetchNamedPackageData node
10 silly mapToRegistry name node
11 silly mapToRegistry using default registry
12 silly mapToRegistry registry https://registry.npmjs.org/
13 silly mapToRegistry uri https://registry.npmjs.org/node
14 verbose request uri https://registry.npmjs.org/node
15 verbose request no auth needed
16 info attempt registry request try #1 at 12:07:34 PM
17 verbose request id 8519f9d4b9336c01
18 verbose etag W/"610b9934b10ee56b19a5498741458fd4"
19 verbose lastModified Fri, 06 Mar 2020 05:06:05 GMT
20 http request GET https://registry.npmjs.org/node
21 http 304 https://registry.npmjs.org/node
22 verbose headers { date: 'Wed, 11 Mar 2020 06:37:35 GMT',
22 verbose headers   connection: 'keep-alive',
22 verbose headers   'set-cookie':
22 verbose headers    [ '__cfduid=d9c3fe20e780d11cf65b2b9db5244728e1583908655; expires=Fri, 10-Apr-20 06:37:35 GMT; path=/; domain=.npmjs.org; HttpOnly; SameSite=Lax' ],
22 verbose headers   'cf-ray': '57234485f88c6989-BOM',
22 verbose headers   age: '305',
22 verbose headers   'cache-control': 'public, max-age=300',
22 verbose headers   etag: '"610b9934b10ee56b19a5498741458fd4"',
22 verbose headers   'last-modified': 'Fri, 06 Mar 2020 05:06:05 GMT',
22 verbose headers   vary: 'Accept-Encoding',
22 verbose headers   'cf-cache-status': 'HIT',
22 verbose headers   'expect-ct': 'max-age=604800, report-uri="https://report-uri.cloudflare.com/cdn-cgi/beacon/expect-ct"',
22 verbose headers   server: 'cloudflare' }
23 silly get cb [ 304,
23 silly get   { date: 'Wed, 11 Mar 2020 06:37:35 GMT',
23 silly get     connection: 'keep-alive',
23 silly get     'set-cookie':
23 silly get      [ '__cfduid=d9c3fe20e780d11cf65b2b9db5244728e1583908655; expires=Fri, 10-Apr-20 06:37:35 GMT; path=/; domain=.npmjs.org; HttpOnly; SameSite=Lax' ],
23 silly get     'cf-ray': '57234485f88c6989-BOM',
23 silly get     age: '305',
23 silly get     'cache-control': 'public, max-age=300',
23 silly get     etag: '"610b9934b10ee56b19a5498741458fd4"',
23 silly get     'last-modified': 'Fri, 06 Mar 2020 05:06:05 GMT',
23 silly get     vary: 'Accept-Encoding',
23 silly get     'cf-cache-status': 'HIT',
23 silly get     'expect-ct': 'max-age=604800, report-uri="https://report-uri.cloudflare.com/cdn-cgi/beacon/expect-ct"',
23 silly get     server: 'cloudflare' } ]
24 verbose etag https://registry.npmjs.org/node from cache
25 verbose get saving node to /home/northout/.npm/registry.npmjs.org/node/.cache.json
26 silly install normalizeTree
27 silly loadCurrentTree Finishing
28 silly loadIdealTree Starting
29 silly install loadIdealTree
30 silly cloneCurrentTree Starting
31 silly install cloneCurrentTreeToIdealTree
32 silly cloneCurrentTree Finishing
33 silly loadShrinkwrap Starting
34 silly install loadShrinkwrap
35 silly loadShrinkwrap Finishing
36 silly loadAllDepsIntoIdealTree Starting
37 silly install loadAllDepsIntoIdealTree
38 silly resolveWithNewModule node@13.10.1 checking installable status
39 silly cache add args [ 'node', null ]
40 verbose cache add spec node
41 silly cache add parsed spec Result {
41 silly cache add   raw: 'node',
41 silly cache add   scope: null,
41 silly cache add   name: 'node',
41 silly cache add   rawSpec: '',
41 silly cache add   spec: 'latest',
41 silly cache add   type: 'tag' }
42 silly addNamed node@latest
43 verbose addNamed "latest" is being treated as a dist-tag for node
44 info addNameTag [ 'node', 'latest' ]
45 silly mapToRegistry name node
46 silly mapToRegistry using default registry
47 silly mapToRegistry registry https://registry.npmjs.org/
48 silly mapToRegistry uri https://registry.npmjs.org/node
49 verbose addNameTag registry:https://registry.npmjs.org/node not in flight; fetching
50 verbose get https://registry.npmjs.org/node not expired, no request
51 silly addNameTag next cb for node with tag latest
52 silly addNamed node@13.10.1
53 verbose addNamed "13.10.1" is a plain semver version for node
54 silly cache afterAdd node@13.10.1
55 verbose afterAdd /home/northout/.npm/node/13.10.1/package/package.json not in flight; writing
56 verbose afterAdd /home/northout/.npm/node/13.10.1/package/package.json written
57 silly fetchNamedPackageData node-bin-setup
58 silly mapToRegistry name node-bin-setup
59 silly mapToRegistry using default registry
60 silly mapToRegistry registry https://registry.npmjs.org/
61 silly mapToRegistry uri https://registry.npmjs.org/node-bin-setup
62 verbose request uri https://registry.npmjs.org/node-bin-setup
63 verbose request no auth needed
64 info attempt registry request try #1 at 12:07:35 PM
65 verbose etag W/"696d6ec470fda56a33885508a280edab"
66 verbose lastModified Sun, 27 May 2018 09:55:03 GMT
67 http request GET https://registry.npmjs.org/node-bin-setup
68 http 304 https://registry.npmjs.org/node-bin-setup
69 verbose headers { date: 'Wed, 11 Mar 2020 06:37:35 GMT',
69 verbose headers   connection: 'keep-alive',
69 verbose headers   'set-cookie':
69 verbose headers    [ '__cfduid=d9c3fe20e780d11cf65b2b9db5244728e1583908655; expires=Fri, 10-Apr-20 06:37:35 GMT; path=/; domain=.npmjs.org; HttpOnly; SameSite=Lax' ],
69 verbose headers   'cf-ray': '572344876db66989-BOM',
69 verbose headers   age: '82',
69 verbose headers   'cache-control': 'public, max-age=300',
69 verbose headers   etag: '"696d6ec470fda56a33885508a280edab"',
69 verbose headers   'last-modified': 'Sun, 27 May 2018 09:55:03 GMT',
69 verbose headers   vary: 'Accept-Encoding',
69 verbose headers   'cf-cache-status': 'HIT',
69 verbose headers   'expect-ct': 'max-age=604800, report-uri="https://report-uri.cloudflare.com/cdn-cgi/beacon/expect-ct"',
69 verbose headers   server: 'cloudflare' }
70 silly get cb [ 304,
70 silly get   { date: 'Wed, 11 Mar 2020 06:37:35 GMT',
70 silly get     connection: 'keep-alive',
70 silly get     'set-cookie':
70 silly get      [ '__cfduid=d9c3fe20e780d11cf65b2b9db5244728e1583908655; expires=Fri, 10-Apr-20 06:37:35 GMT; path=/; domain=.npmjs.org; HttpOnly; SameSite=Lax' ],
70 silly get     'cf-ray': '572344876db66989-BOM',
70 silly get     age: '82',
70 silly get     'cache-control': 'public, max-age=300',
70 silly get     etag: '"696d6ec470fda56a33885508a280edab"',
70 silly get     'last-modified': 'Sun, 27 May 2018 09:55:03 GMT',
70 silly get     vary: 'Accept-Encoding',
70 silly get     'cf-cache-status': 'HIT',
70 silly get     'expect-ct': 'max-age=604800, report-uri="https://report-uri.cloudflare.com/cdn-cgi/beacon/expect-ct"',
70 silly get     server: 'cloudflare' } ]
71 verbose etag https://registry.npmjs.org/node-bin-setup from cache
72 verbose get saving node-bin-setup to /home/northout/.npm/registry.npmjs.org/node-bin-setup/.cache.json
73 silly resolveWithNewModule node-bin-setup@1.0.6 checking installable status
74 silly cache add args [ 'node-bin-setup@^1.0.0', null ]
75 verbose cache add spec node-bin-setup@^1.0.0
76 silly cache add parsed spec Result {
76 silly cache add   raw: 'node-bin-setup@^1.0.0',
76 silly cache add   scope: null,
76 silly cache add   name: 'node-bin-setup',
76 silly cache add   rawSpec: '^1.0.0',
76 silly cache add   spec: '>=1.0.0 <2.0.0',
76 silly cache add   type: 'range' }
77 silly addNamed node-bin-setup@>=1.0.0 <2.0.0
78 verbose addNamed ">=1.0.0 <2.0.0" is a valid semver range for node-bin-setup
79 silly addNameRange { name: 'node-bin-setup',
79 silly addNameRange   range: '>=1.0.0 <2.0.0',
79 silly addNameRange   hasData: false }
80 silly mapToRegistry name node-bin-setup
81 silly mapToRegistry using default registry
82 silly mapToRegistry registry https://registry.npmjs.org/
83 silly mapToRegistry uri https://registry.npmjs.org/node-bin-setup
84 verbose addNameRange registry:https://registry.npmjs.org/node-bin-setup not in flight; fetching
85 verbose get https://registry.npmjs.org/node-bin-setup not expired, no request
86 silly addNameRange number 2 { name: 'node-bin-setup',
86 silly addNameRange   range: '>=1.0.0 <2.0.0',
86 silly addNameRange   hasData: true }
87 silly addNameRange versions [ 'node-bin-setup',
87 silly addNameRange   [ '1.0.0', '1.0.1', '1.0.2', '1.0.3', '1.0.4', '1.0.6' ] ]
88 silly addNamed node-bin-setup@1.0.6
89 verbose addNamed "1.0.6" is a plain semver version for node-bin-setup
90 silly cache afterAdd node-bin-setup@1.0.6
91 verbose afterAdd /home/northout/.npm/node-bin-setup/1.0.6/package/package.json not in flight; writing
92 verbose afterAdd /home/northout/.npm/node-bin-setup/1.0.6/package/package.json written
93 silly loadAllDepsIntoIdealTree Finishing
94 silly idealTree:prePrune northout
94 silly idealTree:prePrune +-- @babel/runtime@7.8.4
94 silly idealTree:prePrune +-- @jest/types@25.1.0
94 silly idealTree:prePrune +-- @types/color-name@1.1.1
94 silly idealTree:prePrune +-- @types/istanbul-lib-coverage@2.0.1
94 silly idealTree:prePrune +-- @types/istanbul-lib-report@3.0.0
94 silly idealTree:prePrune +-- @types/istanbul-reports@1.1.1
94 silly idealTree:prePrune +-- @types/jest@25.1.3
94 silly idealTree:prePrune +-- @types/node@13.7.6
94 silly idealTree:prePrune +-- @types/prop-types@15.7.3
94 silly idealTree:prePrune +-- @types/react-dom@16.9.5
94 silly idealTree:prePrune +-- @types/react@16.9.23
94 silly idealTree:prePrune +-- @types/yargs-parser@15.0.0
94 silly idealTree:prePrune +-- @types/yargs@15.0.4
94 silly idealTree:prePrune +-- abs@1.3.13
94 silly idealTree:prePrune +-- accepts@1.3.7
94 silly idealTree:prePrune +-- ansi-regex@5.0.0
94 silly idealTree:prePrune +-- ansi-styles@4.2.1
94 silly idealTree:prePrune +-- append-field@1.0.0
94 silly idealTree:prePrune +-- array-flatten@1.1.1
94 silly idealTree:prePrune +-- body-parser@1.19.0
94 silly idealTree:prePrune +-- buffer-from@1.1.1
94 silly idealTree:prePrune +-- busboy@0.3.1
94 silly idealTree:prePrune +-- bytes@3.1.0
94 silly idealTree:prePrune +-- capture-stack-trace@1.0.1
94 silly idealTree:prePrune +-- chalk@3.0.0
94 silly idealTree:prePrune +-- color-convert@2.0.1
94 silly idealTree:prePrune +-- color-name@1.1.4
94 silly idealTree:prePrune +-- concat-stream@1.6.2
94 silly idealTree:prePrune +-- content-disposition@0.5.3
94 silly idealTree:prePrune +-- content-type@1.0.4
94 silly idealTree:prePrune +-- cookie-signature@1.0.6
94 silly idealTree:prePrune +-- cookie@0.4.0
94 silly idealTree:prePrune +-- core-util-is@1.0.2
94 silly idealTree:prePrune +-- cors@2.8.5
94 silly idealTree:prePrune +-- create-error-class@3.0.2
94 silly idealTree:prePrune +-- csstype@2.6.9
94 silly idealTree:prePrune +-- debug@2.6.9
94 silly idealTree:prePrune +-- deep-extend@0.6.0
94 silly idealTree:prePrune +-- deffy@2.2.3
94 silly idealTree:prePrune +-- depd@1.1.2
94 silly idealTree:prePrune +-- destroy@1.0.4
94 silly idealTree:prePrune +-- dicer@0.3.0
94 silly idealTree:prePrune +-- diff-sequences@25.1.0
94 silly idealTree:prePrune +-- duplexer2@0.1.4
94 silly idealTree:prePrune +-- ee-first@1.1.1
94 silly idealTree:prePrune +-- encodeurl@1.0.2
94 silly idealTree:prePrune +-- err@1.1.1
94 silly idealTree:prePrune +-- error-ex@1.3.2
94 silly idealTree:prePrune +-- escape-html@1.0.3
94 silly idealTree:prePrune +-- etag@1.8.1
94 silly idealTree:prePrune +-- exec-limiter@3.2.12
94 silly idealTree:prePrune +-- express-fileupload@1.1.6
94 silly idealTree:prePrune +-- express@4.17.1
94 silly idealTree:prePrune +-- finalhandler@1.1.2
94 silly idealTree:prePrune +-- forwarded@0.1.2
94 silly idealTree:prePrune +-- fresh@0.5.2
94 silly idealTree:prePrune +-- function.name@1.0.12
94 silly idealTree:prePrune +-- git-package-json@1.4.9
94 silly idealTree:prePrune +-- git-source@1.1.9
94 silly idealTree:prePrune +-- git-up@1.2.1
94 silly idealTree:prePrune +-- git-url-parse@5.0.1
94 silly idealTree:prePrune +-- got@5.7.1
94 silly idealTree:prePrune +-- gry@5.0.8
94 silly idealTree:prePrune +-- has-flag@4.0.0
94 silly idealTree:prePrune +-- hoist-non-react-statics@3.3.2
94 silly idealTree:prePrune +-- hosted-git-info@2.8.8
94 silly idealTree:prePrune +-- http-errors@1.7.2
94 silly idealTree:prePrune | `-- inherits@2.0.3
94 silly idealTree:prePrune +-- iconv-lite@0.4.24
94 silly idealTree:prePrune +-- inherits@2.0.4
94 silly idealTree:prePrune +-- ini@1.3.5
94 silly idealTree:prePrune +-- ipaddr.js@1.9.1
94 silly idealTree:prePrune +-- is-arrayish@0.2.1
94 silly idealTree:prePrune +-- is-redirect@1.0.0
94 silly idealTree:prePrune +-- is-retry-allowed@1.2.0
94 silly idealTree:prePrune +-- is-ssh@1.3.1
94 silly idealTree:prePrune +-- is-stream@1.1.0
94 silly idealTree:prePrune +-- isarray@1.0.0
94 silly idealTree:prePrune +-- iterate-object@1.3.3
94 silly idealTree:prePrune +-- jest-diff@25.1.0
94 silly idealTree:prePrune +-- jest-get-type@25.1.0
94 silly idealTree:prePrune +-- js-tokens@4.0.0
94 silly idealTree:prePrune +-- limit-it@3.2.9
94 silly idealTree:prePrune +-- loose-envify@1.4.0
94 silly idealTree:prePrune +-- lowercase-keys@1.0.1
94 silly idealTree:prePrune +-- media-typer@0.3.0
94 silly idealTree:prePrune +-- merge-descriptors@1.0.1
94 silly idealTree:prePrune +-- methods@1.1.2
94 silly idealTree:prePrune +-- mime-db@1.43.0
94 silly idealTree:prePrune +-- mime-types@2.1.26
94 silly idealTree:prePrune +-- mime@1.6.0
94 silly idealTree:prePrune +-- minimist@1.2.0
94 silly idealTree:prePrune +-- mkdirp@0.5.1
94 silly idealTree:prePrune | `-- minimist@0.0.8
94 silly idealTree:prePrune +-- ms@2.0.0
94 silly idealTree:prePrune +-- multer@1.4.2
94 silly idealTree:prePrune | +-- busboy@0.2.14
94 silly idealTree:prePrune | +-- dicer@0.2.5
94 silly idealTree:prePrune | +-- isarray@0.0.1
94 silly idealTree:prePrune | +-- readable-stream@1.1.14
94 silly idealTree:prePrune | `-- string_decoder@0.10.31
94 silly idealTree:prePrune +-- negotiator@0.6.2
94 silly idealTree:prePrune +-- node-bin-setup@1.0.6
94 silly idealTree:prePrune +-- node-status-codes@1.0.0
94 silly idealTree:prePrune +-- node@13.10.1
94 silly idealTree:prePrune +-- noop6@1.0.8
94 silly idealTree:prePrune +-- normalize-package-data@2.5.0
94 silly idealTree:prePrune +-- oargv@3.4.9
94 silly idealTree:prePrune +-- obj-def@1.0.7
94 silly idealTree:prePrune +-- object-assign@4.1.1
94 silly idealTree:prePrune +-- on-finished@2.3.0
94 silly idealTree:prePrune +-- one-by-one@3.2.7
94 silly idealTree:prePrune +-- os-tmpdir@1.0.2
94 silly idealTree:prePrune +-- package-json-path@1.0.8
94 silly idealTree:prePrune +-- package-json@2.4.0
94 silly idealTree:prePrune +-- package.json@2.0.1
94 silly idealTree:prePrune +-- parse-json@2.2.0
94 silly idealTree:prePrune +-- parse-url@1.3.11
94 silly idealTree:prePrune +-- parseurl@1.3.3
94 silly idealTree:prePrune +-- path-parse@1.0.6
94 silly idealTree:prePrune +-- path-to-regexp@0.1.7
94 silly idealTree:prePrune +-- pinkie-promise@2.0.1
94 silly idealTree:prePrune +-- pinkie@2.0.4
94 silly idealTree:prePrune +-- prepend-http@1.0.4
94 silly idealTree:prePrune +-- pretty-format@25.1.0
94 silly idealTree:prePrune +-- process-nextick-args@2.0.1
94 silly idealTree:prePrune +-- prop-types@15.7.2
94 silly idealTree:prePrune +-- protocols@1.4.7
94 silly idealTree:prePrune +-- proxy-addr@2.0.6
94 silly idealTree:prePrune +-- qs@6.7.0
94 silly idealTree:prePrune +-- r-json@1.2.9
94 silly idealTree:prePrune +-- r-package-json@1.0.8
94 silly idealTree:prePrune +-- range-parser@1.2.1
94 silly idealTree:prePrune +-- raw-body@2.4.0
94 silly idealTree:prePrune +-- rc@1.2.8
94 silly idealTree:prePrune +-- react-is@16.13.0
94 silly idealTree:prePrune +-- react-redux@7.2.0
94 silly idealTree:prePrune +-- react@16.13.0
94 silly idealTree:prePrune +-- read-all-stream@3.1.0
94 silly idealTree:prePrune +-- readable-stream@2.3.7
94 silly idealTree:prePrune +-- redux@4.0.5
94 silly idealTree:prePrune +-- regenerator-runtime@0.13.3
94 silly idealTree:prePrune +-- registry-auth-token@3.4.0
94 silly idealTree:prePrune +-- registry-url@3.1.0
94 silly idealTree:prePrune +-- resolve@1.15.1
94 silly idealTree:prePrune +-- safe-buffer@5.1.2
94 silly idealTree:prePrune +-- safer-buffer@2.1.2
94 silly idealTree:prePrune +-- semver@5.7.1
94 silly idealTree:prePrune +-- send@0.17.1
94 silly idealTree:prePrune | `-- ms@2.1.1
94 silly idealTree:prePrune +-- serve-static@1.14.1
94 silly idealTree:prePrune +-- setprototypeof@1.1.1
94 silly idealTree:prePrune +-- sliced@1.0.1
94 silly idealTree:prePrune +-- spdx-correct@3.1.0
94 silly idealTree:prePrune +-- spdx-exceptions@2.2.0
94 silly idealTree:prePrune +-- spdx-expression-parse@3.0.0
94 silly idealTree:prePrune +-- spdx-license-ids@3.0.5
94 silly idealTree:prePrune +-- statuses@1.5.0
94 silly idealTree:prePrune +-- streamsearch@0.1.2
94 silly idealTree:prePrune +-- string_decoder@1.1.1
94 silly idealTree:prePrune +-- strip-json-comments@2.0.1
94 silly idealTree:prePrune +-- supports-color@7.1.0
94 silly idealTree:prePrune +-- symbol-observable@1.2.0
94 silly idealTree:prePrune +-- timed-out@3.1.3
94 silly idealTree:prePrune +-- tmp@0.0.28
94 silly idealTree:prePrune +-- toidentifier@1.0.0
94 silly idealTree:prePrune +-- type-is@1.6.18
94 silly idealTree:prePrune +-- typedarray@0.0.6
94 silly idealTree:prePrune +-- typescript@3.8.2
94 silly idealTree:prePrune +-- typpy@2.3.11
94 silly idealTree:prePrune +-- ul@5.2.14
94 silly idealTree:prePrune +-- unpipe@1.0.0
94 silly idealTree:prePrune +-- unzip-response@1.0.2
94 silly idealTree:prePrune +-- url-parse-lax@1.0.0
94 silly idealTree:prePrune +-- util-deprecate@1.0.2
94 silly idealTree:prePrune +-- utils-merge@1.0.1
94 silly idealTree:prePrune +-- uuid@7.0.2
94 silly idealTree:prePrune +-- validate-npm-package-license@3.0.4
94 silly idealTree:prePrune +-- vary@1.1.2
94 silly idealTree:prePrune `-- xtend@4.0.2
95 silly loadIdealTree Finishing
96 silly currentTree northout
96 silly currentTree +-- @babel/runtime@7.8.4
96 silly currentTree +-- @jest/types@25.1.0
96 silly currentTree +-- @types/color-name@1.1.1
96 silly currentTree +-- @types/istanbul-lib-coverage@2.0.1
96 silly currentTree +-- @types/istanbul-lib-report@3.0.0
96 silly currentTree +-- @types/istanbul-reports@1.1.1
96 silly currentTree +-- @types/jest@25.1.3
96 silly currentTree +-- @types/node@13.7.6
96 silly currentTree +-- @types/prop-types@15.7.3
96 silly currentTree +-- @types/react-dom@16.9.5
96 silly currentTree +-- @types/react@16.9.23
96 silly currentTree +-- @types/yargs-parser@15.0.0
96 silly currentTree +-- @types/yargs@15.0.4
96 silly currentTree +-- abs@1.3.13
96 silly currentTree +-- accepts@1.3.7
96 silly currentTree +-- ansi-regex@5.0.0
96 silly currentTree +-- ansi-styles@4.2.1
96 silly currentTree +-- append-field@1.0.0
96 silly currentTree +-- array-flatten@1.1.1
96 silly currentTree +-- body-parser@1.19.0
96 silly currentTree +-- buffer-from@1.1.1
96 silly currentTree +-- busboy@0.3.1
96 silly currentTree +-- bytes@3.1.0
96 silly currentTree +-- capture-stack-trace@1.0.1
96 silly currentTree +-- chalk@3.0.0
96 silly currentTree +-- color-convert@2.0.1
96 silly currentTree +-- color-name@1.1.4
96 silly currentTree +-- concat-stream@1.6.2
96 silly currentTree +-- content-disposition@0.5.3
96 silly currentTree +-- content-type@1.0.4
96 silly currentTree +-- cookie-signature@1.0.6
96 silly currentTree +-- cookie@0.4.0
96 silly currentTree +-- core-util-is@1.0.2
96 silly currentTree +-- cors@2.8.5
96 silly currentTree +-- create-error-class@3.0.2
96 silly currentTree +-- csstype@2.6.9
96 silly currentTree +-- debug@2.6.9
96 silly currentTree +-- deep-extend@0.6.0
96 silly currentTree +-- deffy@2.2.3
96 silly currentTree +-- depd@1.1.2
96 silly currentTree +-- destroy@1.0.4
96 silly currentTree +-- dicer@0.3.0
96 silly currentTree +-- diff-sequences@25.1.0
96 silly currentTree +-- duplexer2@0.1.4
96 silly currentTree +-- ee-first@1.1.1
96 silly currentTree +-- encodeurl@1.0.2
96 silly currentTree +-- err@1.1.1
96 silly currentTree +-- error-ex@1.3.2
96 silly currentTree +-- escape-html@1.0.3
96 silly currentTree +-- etag@1.8.1
96 silly currentTree +-- exec-limiter@3.2.12
96 silly currentTree +-- express-fileupload@1.1.6
96 silly currentTree +-- express@4.17.1
96 silly currentTree +-- finalhandler@1.1.2
96 silly currentTree +-- forwarded@0.1.2
96 silly currentTree +-- fresh@0.5.2
96 silly currentTree +-- function.name@1.0.12
96 silly currentTree +-- git-package-json@1.4.9
96 silly currentTree +-- git-source@1.1.9
96 silly currentTree +-- git-up@1.2.1
96 silly currentTree +-- git-url-parse@5.0.1
96 silly currentTree +-- got@5.7.1
96 silly currentTree +-- gry@5.0.8
96 silly currentTree +-- has-flag@4.0.0
96 silly currentTree +-- hoist-non-react-statics@3.3.2
96 silly currentTree +-- hosted-git-info@2.8.8
96 silly currentTree +-- http-errors@1.7.2
96 silly currentTree | `-- inherits@2.0.3
96 silly currentTree +-- iconv-lite@0.4.24
96 silly currentTree +-- inherits@2.0.4
96 silly currentTree +-- ini@1.3.5
96 silly currentTree +-- ipaddr.js@1.9.1
96 silly currentTree +-- is-arrayish@0.2.1
96 silly currentTree +-- is-redirect@1.0.0
96 silly currentTree +-- is-retry-allowed@1.2.0
96 silly currentTree +-- is-ssh@1.3.1
96 silly currentTree +-- is-stream@1.1.0
96 silly currentTree +-- isarray@1.0.0
96 silly currentTree +-- iterate-object@1.3.3
96 silly currentTree +-- jest-diff@25.1.0
96 silly currentTree +-- jest-get-type@25.1.0
96 silly currentTree +-- js-tokens@4.0.0
96 silly currentTree +-- limit-it@3.2.9
96 silly currentTree +-- loose-envify@1.4.0
96 silly currentTree +-- lowercase-keys@1.0.1
96 silly currentTree +-- media-typer@0.3.0
96 silly currentTree +-- merge-descriptors@1.0.1
96 silly currentTree +-- methods@1.1.2
96 silly currentTree +-- mime-db@1.43.0
96 silly currentTree +-- mime-types@2.1.26
96 silly currentTree +-- mime@1.6.0
96 silly currentTree +-- minimist@1.2.0
96 silly currentTree +-- mkdirp@0.5.1
96 silly currentTree | `-- minimist@0.0.8
96 silly currentTree +-- ms@2.0.0
96 silly currentTree +-- multer@1.4.2
96 silly currentTree | +-- busboy@0.2.14
96 silly currentTree | +-- dicer@0.2.5
96 silly currentTree | +-- isarray@0.0.1
96 silly currentTree | +-- readable-stream@1.1.14
96 silly currentTree | `-- string_decoder@0.10.31
96 silly currentTree +-- negotiator@0.6.2
96 silly currentTree +-- node-status-codes@1.0.0
96 silly currentTree +-- noop6@1.0.8
96 silly currentTree +-- normalize-package-data@2.5.0
96 silly currentTree +-- oargv@3.4.9
96 silly currentTree +-- obj-def@1.0.7
96 silly currentTree +-- object-assign@4.1.1
96 silly currentTree +-- on-finished@2.3.0
96 silly currentTree +-- one-by-one@3.2.7
96 silly currentTree +-- os-tmpdir@1.0.2
96 silly currentTree +-- package-json-path@1.0.8
96 silly currentTree +-- package-json@2.4.0
96 silly currentTree +-- package.json@2.0.1
96 silly currentTree +-- parse-json@2.2.0
96 silly currentTree +-- parse-url@1.3.11
96 silly currentTree +-- parseurl@1.3.3
96 silly currentTree +-- path-parse@1.0.6
96 silly currentTree +-- path-to-regexp@0.1.7
96 silly currentTree +-- pinkie-promise@2.0.1
96 silly currentTree +-- pinkie@2.0.4
96 silly currentTree +-- prepend-http@1.0.4
96 silly currentTree +-- pretty-format@25.1.0
96 silly currentTree +-- process-nextick-args@2.0.1
96 silly currentTree +-- prop-types@15.7.2
96 silly currentTree +-- protocols@1.4.7
96 silly currentTree +-- proxy-addr@2.0.6
96 silly currentTree +-- qs@6.7.0
96 silly currentTree +-- r-json@1.2.9
96 silly currentTree +-- r-package-json@1.0.8
96 silly currentTree +-- range-parser@1.2.1
96 silly currentTree +-- raw-body@2.4.0
96 silly currentTree +-- rc@1.2.8
96 silly currentTree +-- react-is@16.13.0
96 silly currentTree +-- react-redux@7.2.0
96 silly currentTree +-- react@16.13.0
96 silly currentTree +-- read-all-stream@3.1.0
96 silly currentTree +-- readable-stream@2.3.7
96 silly currentTree +-- redux@4.0.5
96 silly currentTree +-- regenerator-runtime@0.13.3
96 silly currentTree +-- registry-auth-token@3.4.0
96 silly currentTree +-- registry-url@3.1.0
96 silly currentTree +-- resolve@1.15.1
96 silly currentTree +-- safe-buffer@5.1.2
96 silly currentTree +-- safer-buffer@2.1.2
96 silly currentTree +-- semver@5.7.1
96 silly currentTree +-- send@0.17.1
96 silly currentTree | `-- ms@2.1.1
96 silly currentTree +-- serve-static@1.14.1
96 silly currentTree +-- setprototypeof@1.1.1
96 silly currentTree +-- sliced@1.0.1
96 silly currentTree +-- spdx-correct@3.1.0
96 silly currentTree +-- spdx-exceptions@2.2.0
96 silly currentTree +-- spdx-expression-parse@3.0.0
96 silly currentTree +-- spdx-license-ids@3.0.5
96 silly currentTree +-- statuses@1.5.0
96 silly currentTree +-- streamsearch@0.1.2
96 silly currentTree +-- string_decoder@1.1.1
96 silly currentTree +-- strip-json-comments@2.0.1
96 silly currentTree +-- supports-color@7.1.0
96 silly currentTree +-- symbol-observable@1.2.0
96 silly currentTree +-- timed-out@3.1.3
96 silly currentTree +-- tmp@0.0.28
96 silly currentTree +-- toidentifier@1.0.0
96 silly currentTree +-- type-is@1.6.18
96 silly currentTree +-- typedarray@0.0.6
96 silly currentTree +-- typescript@3.8.2
96 silly currentTree +-- typpy@2.3.11
96 silly currentTree +-- ul@5.2.14
96 silly currentTree +-- unpipe@1.0.0
96 silly currentTree +-- unzip-response@1.0.2
96 silly currentTree +-- url-parse-lax@1.0.0
96 silly currentTree +-- util-deprecate@1.0.2
96 silly currentTree +-- utils-merge@1.0.1
96 silly currentTree +-- uuid@7.0.2
96 silly currentTree +-- validate-npm-package-license@3.0.4
96 silly currentTree +-- vary@1.1.2
96 silly currentTree `-- xtend@4.0.2
97 silly idealTree northout
97 silly idealTree +-- @babel/runtime@7.8.4
97 silly idealTree +-- @jest/types@25.1.0
97 silly idealTree +-- @types/color-name@1.1.1
97 silly idealTree +-- @types/istanbul-lib-coverage@2.0.1
97 silly idealTree +-- @types/istanbul-lib-report@3.0.0
97 silly idealTree +-- @types/istanbul-reports@1.1.1
97 silly idealTree +-- @types/jest@25.1.3
97 silly idealTree +-- @types/node@13.7.6
97 silly idealTree +-- @types/prop-types@15.7.3
97 silly idealTree +-- @types/react-dom@16.9.5
97 silly idealTree +-- @types/react@16.9.23
97 silly idealTree +-- @types/yargs-parser@15.0.0
97 silly idealTree +-- @types/yargs@15.0.4
97 silly idealTree +-- abs@1.3.13
97 silly idealTree +-- accepts@1.3.7
97 silly idealTree +-- ansi-regex@5.0.0
97 silly idealTree +-- ansi-styles@4.2.1
97 silly idealTree +-- append-field@1.0.0
97 silly idealTree +-- array-flatten@1.1.1
97 silly idealTree +-- body-parser@1.19.0
97 silly idealTree +-- buffer-from@1.1.1
97 silly idealTree +-- busboy@0.3.1
97 silly idealTree +-- bytes@3.1.0
97 silly idealTree +-- capture-stack-trace@1.0.1
97 silly idealTree +-- chalk@3.0.0
97 silly idealTree +-- color-convert@2.0.1
97 silly idealTree +-- color-name@1.1.4
97 silly idealTree +-- concat-stream@1.6.2
97 silly idealTree +-- content-disposition@0.5.3
97 silly idealTree +-- content-type@1.0.4
97 silly idealTree +-- cookie-signature@1.0.6
97 silly idealTree +-- cookie@0.4.0
97 silly idealTree +-- core-util-is@1.0.2
97 silly idealTree +-- cors@2.8.5
97 silly idealTree +-- create-error-class@3.0.2
97 silly idealTree +-- csstype@2.6.9
97 silly idealTree +-- debug@2.6.9
97 silly idealTree +-- deep-extend@0.6.0
97 silly idealTree +-- deffy@2.2.3
97 silly idealTree +-- depd@1.1.2
97 silly idealTree +-- destroy@1.0.4
97 silly idealTree +-- dicer@0.3.0
97 silly idealTree +-- diff-sequences@25.1.0
97 silly idealTree +-- duplexer2@0.1.4
97 silly idealTree +-- ee-first@1.1.1
97 silly idealTree +-- encodeurl@1.0.2
97 silly idealTree +-- err@1.1.1
97 silly idealTree +-- error-ex@1.3.2
97 silly idealTree +-- escape-html@1.0.3
97 silly idealTree +-- etag@1.8.1
97 silly idealTree +-- exec-limiter@3.2.12
97 silly idealTree +-- express-fileupload@1.1.6
97 silly idealTree +-- express@4.17.1
97 silly idealTree +-- finalhandler@1.1.2
97 silly idealTree +-- forwarded@0.1.2
97 silly idealTree +-- fresh@0.5.2
97 silly idealTree +-- function.name@1.0.12
97 silly idealTree +-- git-package-json@1.4.9
97 silly idealTree +-- git-source@1.1.9
97 silly idealTree +-- git-up@1.2.1
97 silly idealTree +-- git-url-parse@5.0.1
97 silly idealTree +-- got@5.7.1
97 silly idealTree +-- gry@5.0.8
97 silly idealTree +-- has-flag@4.0.0
97 silly idealTree +-- hoist-non-react-statics@3.3.2
97 silly idealTree +-- hosted-git-info@2.8.8
97 silly idealTree +-- http-errors@1.7.2
97 silly idealTree | `-- inherits@2.0.3
97 silly idealTree +-- iconv-lite@0.4.24
97 silly idealTree +-- inherits@2.0.4
97 silly idealTree +-- ini@1.3.5
97 silly idealTree +-- ipaddr.js@1.9.1
97 silly idealTree +-- is-arrayish@0.2.1
97 silly idealTree +-- is-redirect@1.0.0
97 silly idealTree +-- is-retry-allowed@1.2.0
97 silly idealTree +-- is-ssh@1.3.1
97 silly idealTree +-- is-stream@1.1.0
97 silly idealTree +-- isarray@1.0.0
97 silly idealTree +-- iterate-object@1.3.3
97 silly idealTree +-- jest-diff@25.1.0
97 silly idealTree +-- jest-get-type@25.1.0
97 silly idealTree +-- js-tokens@4.0.0
97 silly idealTree +-- limit-it@3.2.9
97 silly idealTree +-- loose-envify@1.4.0
97 silly idealTree +-- lowercase-keys@1.0.1
97 silly idealTree +-- media-typer@0.3.0
97 silly idealTree +-- merge-descriptors@1.0.1
97 silly idealTree +-- methods@1.1.2
97 silly idealTree +-- mime-db@1.43.0
97 silly idealTree +-- mime-types@2.1.26
97 silly idealTree +-- mime@1.6.0
97 silly idealTree +-- minimist@1.2.0
97 silly idealTree +-- mkdirp@0.5.1
97 silly idealTree | `-- minimist@0.0.8
97 silly idealTree +-- ms@2.0.0
97 silly idealTree +-- multer@1.4.2
97 silly idealTree | +-- busboy@0.2.14
97 silly idealTree | +-- dicer@0.2.5
97 silly idealTree | +-- isarray@0.0.1
97 silly idealTree | +-- readable-stream@1.1.14
97 silly idealTree | `-- string_decoder@0.10.31
97 silly idealTree +-- negotiator@0.6.2
97 silly idealTree +-- node-bin-setup@1.0.6
97 silly idealTree +-- node-status-codes@1.0.0
97 silly idealTree +-- node@13.10.1
97 silly idealTree +-- noop6@1.0.8
97 silly idealTree +-- normalize-package-data@2.5.0
97 silly idealTree +-- oargv@3.4.9
97 silly idealTree +-- obj-def@1.0.7
97 silly idealTree +-- object-assign@4.1.1
97 silly idealTree +-- on-finished@2.3.0
97 silly idealTree +-- one-by-one@3.2.7
97 silly idealTree +-- os-tmpdir@1.0.2
97 silly idealTree +-- package-json-path@1.0.8
97 silly idealTree +-- package-json@2.4.0
97 silly idealTree +-- package.json@2.0.1
97 silly idealTree +-- parse-json@2.2.0
97 silly idealTree +-- parse-url@1.3.11
97 silly idealTree +-- parseurl@1.3.3
97 silly idealTree +-- path-parse@1.0.6
97 silly idealTree +-- path-to-regexp@0.1.7
97 silly idealTree +-- pinkie-promise@2.0.1
97 silly idealTree +-- pinkie@2.0.4
97 silly idealTree +-- prepend-http@1.0.4
97 silly idealTree +-- pretty-format@25.1.0
97 silly idealTree +-- process-nextick-args@2.0.1
97 silly idealTree +-- prop-types@15.7.2
97 silly idealTree +-- protocols@1.4.7
97 silly idealTree +-- proxy-addr@2.0.6
97 silly idealTree +-- qs@6.7.0
97 silly idealTree +-- r-json@1.2.9
97 silly idealTree +-- r-package-json@1.0.8
97 silly idealTree +-- range-parser@1.2.1
97 silly idealTree +-- raw-body@2.4.0
97 silly idealTree +-- rc@1.2.8
97 silly idealTree +-- react-is@16.13.0
97 silly idealTree +-- react-redux@7.2.0
97 silly idealTree +-- react@16.13.0
97 silly idealTree +-- read-all-stream@3.1.0
97 silly idealTree +-- readable-stream@2.3.7
97 silly idealTree +-- redux@4.0.5
97 silly idealTree +-- regenerator-runtime@0.13.3
97 silly idealTree +-- registry-auth-token@3.4.0
97 silly idealTree +-- registry-url@3.1.0
97 silly idealTree +-- resolve@1.15.1
97 silly idealTree +-- safe-buffer@5.1.2
97 silly idealTree +-- safer-buffer@2.1.2
97 silly idealTree +-- semver@5.7.1
97 silly idealTree +-- send@0.17.1
97 silly idealTree | `-- ms@2.1.1
97 silly idealTree +-- serve-static@1.14.1
97 silly idealTree +-- setprototypeof@1.1.1
97 silly idealTree +-- sliced@1.0.1
97 silly idealTree +-- spdx-correct@3.1.0
97 silly idealTree +-- spdx-exceptions@2.2.0
97 silly idealTree +-- spdx-expression-parse@3.0.0
97 silly idealTree +-- spdx-license-ids@3.0.5
97 silly idealTree +-- statuses@1.5.0
97 silly idealTree +-- streamsearch@0.1.2
97 silly idealTree +-- string_decoder@1.1.1
97 silly idealTree +-- strip-json-comments@2.0.1
97 silly idealTree +-- supports-color@7.1.0
97 silly idealTree +-- symbol-observable@1.2.0
97 silly idealTree +-- timed-out@3.1.3
97 silly idealTree +-- tmp@0.0.28
97 silly idealTree +-- toidentifier@1.0.0
97 silly idealTree +-- type-is@1.6.18
97 silly idealTree +-- typedarray@0.0.6
97 silly idealTree +-- typescript@3.8.2
97 silly idealTree +-- typpy@2.3.11
97 silly idealTree +-- ul@5.2.14
97 silly idealTree +-- unpipe@1.0.0
97 silly idealTree +-- unzip-response@1.0.2
97 silly idealTree +-- url-parse-lax@1.0.0
97 silly idealTree +-- util-deprecate@1.0.2
97 silly idealTree +-- utils-merge@1.0.1
97 silly idealTree +-- uuid@7.0.2
97 silly idealTree +-- validate-npm-package-license@3.0.4
97 silly idealTree +-- vary@1.1.2
97 silly idealTree `-- xtend@4.0.2
98 silly generateActionsToTake Starting
99 silly install generateActionsToTake
100 silly generateActionsToTake Finishing
101 silly diffTrees action count 11
102 silly diffTrees add node-bin-setup@1.0.6
103 silly diffTrees update cors@2.8.5
104 silly diffTrees update express@4.17.1
105 silly diffTrees update express-fileupload@1.1.6
106 silly diffTrees update multer@1.4.2
107 silly diffTrees add node@13.10.1
108 silly diffTrees update package.json@2.0.1
109 silly diffTrees update react@16.13.0
110 silly diffTrees update react-redux@7.2.0
111 silly diffTrees update redux@4.0.5
112 silly diffTrees update uuid@7.0.2
113 silly decomposeActions action count 88
114 silly decomposeActions fetch node-bin-setup@1.0.6
115 silly decomposeActions extract node-bin-setup@1.0.6
116 silly decomposeActions test node-bin-setup@1.0.6
117 silly decomposeActions preinstall node-bin-setup@1.0.6
118 silly decomposeActions build node-bin-setup@1.0.6
119 silly decomposeActions install node-bin-setup@1.0.6
120 silly decomposeActions postinstall node-bin-setup@1.0.6
121 silly decomposeActions finalize node-bin-setup@1.0.6
122 silly decomposeActions fetch cors@2.8.5
123 silly decomposeActions extract cors@2.8.5
124 silly decomposeActions test cors@2.8.5
125 silly decomposeActions preinstall cors@2.8.5
126 silly decomposeActions build cors@2.8.5
127 silly decomposeActions install cors@2.8.5
128 silly decomposeActions postinstall cors@2.8.5
129 silly decomposeActions finalize cors@2.8.5
130 silly decomposeActions fetch express@4.17.1
131 silly decomposeActions extract express@4.17.1
132 silly decomposeActions test express@4.17.1
133 silly decomposeActions preinstall express@4.17.1
134 silly decomposeActions build express@4.17.1
135 silly decomposeActions install express@4.17.1
136 silly decomposeActions postinstall express@4.17.1
137 silly decomposeActions finalize express@4.17.1
138 silly decomposeActions fetch express-fileupload@1.1.6
139 silly decomposeActions extract express-fileupload@1.1.6
140 silly decomposeActions test express-fileupload@1.1.6
141 silly decomposeActions preinstall express-fileupload@1.1.6
142 silly decomposeActions build express-fileupload@1.1.6
143 silly decomposeActions install express-fileupload@1.1.6
144 silly decomposeActions postinstall express-fileupload@1.1.6
145 silly decomposeActions finalize express-fileupload@1.1.6
146 silly decomposeActions fetch multer@1.4.2
147 silly decomposeActions extract multer@1.4.2
148 silly decomposeActions test multer@1.4.2
149 silly decomposeActions preinstall multer@1.4.2
150 silly decomposeActions build multer@1.4.2
151 silly decomposeActions install multer@1.4.2
152 silly decomposeActions postinstall multer@1.4.2
153 silly decomposeActions finalize multer@1.4.2
154 silly decomposeActions fetch node@13.10.1
155 silly decomposeActions extract node@13.10.1
156 silly decomposeActions test node@13.10.1
157 silly decomposeActions preinstall node@13.10.1
158 silly decomposeActions build node@13.10.1
159 silly decomposeActions install node@13.10.1
160 silly decomposeActions postinstall node@13.10.1
161 silly decomposeActions finalize node@13.10.1
162 silly decomposeActions fetch package.json@2.0.1
163 silly decomposeActions extract package.json@2.0.1
164 silly decomposeActions test package.json@2.0.1
165 silly decomposeActions preinstall package.json@2.0.1
166 silly decomposeActions build package.json@2.0.1
167 silly decomposeActions install package.json@2.0.1
168 silly decomposeActions postinstall package.json@2.0.1
169 silly decomposeActions finalize package.json@2.0.1
170 silly decomposeActions fetch react@16.13.0
171 silly decomposeActions extract react@16.13.0
172 silly decomposeActions test react@16.13.0
173 silly decomposeActions preinstall react@16.13.0
174 silly decomposeActions build react@16.13.0
175 silly decomposeActions install react@16.13.0
176 silly decomposeActions postinstall react@16.13.0
177 silly decomposeActions finalize react@16.13.0
178 silly decomposeActions fetch react-redux@7.2.0
179 silly decomposeActions extract react-redux@7.2.0
180 silly decomposeActions test react-redux@7.2.0
181 silly decomposeActions preinstall react-redux@7.2.0
182 silly decomposeActions build react-redux@7.2.0
183 silly decomposeActions install react-redux@7.2.0
184 silly decomposeActions postinstall react-redux@7.2.0
185 silly decomposeActions finalize react-redux@7.2.0
186 silly decomposeActions fetch redux@4.0.5
187 silly decomposeActions extract redux@4.0.5
188 silly decomposeActions test redux@4.0.5
189 silly decomposeActions preinstall redux@4.0.5
190 silly decomposeActions build redux@4.0.5
191 silly decomposeActions install redux@4.0.5
192 silly decomposeActions postinstall redux@4.0.5
193 silly decomposeActions finalize redux@4.0.5
194 silly decomposeActions fetch uuid@7.0.2
195 silly decomposeActions extract uuid@7.0.2
196 silly decomposeActions test uuid@7.0.2
197 silly decomposeActions preinstall uuid@7.0.2
198 silly decomposeActions build uuid@7.0.2
199 silly decomposeActions install uuid@7.0.2
200 silly decomposeActions postinstall uuid@7.0.2
201 silly decomposeActions finalize uuid@7.0.2
202 silly executeActions Starting
203 silly install executeActions
204 silly doSerial global-install 0
205 silly doParallel fetch 11
206 verbose lock using /home/northout/.npm/_locks/staging-11979f0ffacfe55e.lock for /home/northout/node_modules/.staging
207 silly doParallel extract 11
208 silly extract node-bin-setup@1.0.6
209 silly extract cors@2.8.5
210 silly extract express@4.17.1
211 silly extract express-fileupload@1.1.6
212 silly extract multer@1.4.2
213 silly extract node@13.10.1
214 silly extract package.json@2.0.1
215 silly extract react@16.13.0
216 silly extract react-redux@7.2.0
217 silly extract redux@4.0.5
218 silly extract uuid@7.0.2
219 verbose unbuild node_modules/.staging/node-bin-setup-c9559e3c
220 verbose unbuild node_modules/.staging/cors-eb182afa
221 verbose unbuild node_modules/.staging/express-7cbb9f07
222 verbose unbuild node_modules/.staging/express-fileupload-21b517c7
223 verbose unbuild node_modules/.staging/multer-943d3cf4
224 warn deprecated package.json@2.0.1: Use pkg.json instead.
225 verbose unbuild node_modules/.staging/package.json-96b3756d
226 verbose unbuild node_modules/.staging/react-c9175539
227 verbose unbuild node_modules/.staging/react-redux-17a458d7
228 verbose unbuild node_modules/.staging/redux-4a69a6f2
229 verbose unbuild node_modules/.staging/node-70388391
230 verbose unbuild node_modules/.staging/uuid-163b37ef
231 silly gentlyRm /home/northout/node_modules/.staging/node-bin-setup-c9559e3c is being purged from base /home/northout
232 verbose gentlyRm don't care about contents; nuking /home/northout/node_modules/.staging/node-bin-setup-c9559e3c
233 silly gentlyRm /home/northout/node_modules/.staging/cors-eb182afa is being purged from base /home/northout
234 verbose gentlyRm don't care about contents; nuking /home/northout/node_modules/.staging/cors-eb182afa
235 silly gentlyRm /home/northout/node_modules/.staging/express-7cbb9f07 is being purged from base /home/northout
236 verbose gentlyRm don't care about contents; nuking /home/northout/node_modules/.staging/express-7cbb9f07
237 silly gentlyRm /home/northout/node_modules/.staging/express-fileupload-21b517c7 is being purged from base /home/northout
238 verbose gentlyRm don't care about contents; nuking /home/northout/node_modules/.staging/express-fileupload-21b517c7
239 silly gentlyRm /home/northout/node_modules/.staging/multer-943d3cf4 is being purged from base /home/northout
240 verbose gentlyRm don't care about contents; nuking /home/northout/node_modules/.staging/multer-943d3cf4
241 silly gentlyRm /home/northout/node_modules/.staging/package.json-96b3756d is being purged from base /home/northout
242 verbose gentlyRm don't care about contents; nuking /home/northout/node_modules/.staging/package.json-96b3756d
243 silly gentlyRm /home/northout/node_modules/.staging/react-c9175539 is being purged from base /home/northout
244 verbose gentlyRm don't care about contents; nuking /home/northout/node_modules/.staging/react-c9175539
245 silly gentlyRm /home/northout/node_modules/.staging/react-redux-17a458d7 is being purged from base /home/northout
246 verbose gentlyRm don't care about contents; nuking /home/northout/node_modules/.staging/react-redux-17a458d7
247 silly gentlyRm /home/northout/node_modules/.staging/redux-4a69a6f2 is being purged from base /home/northout
248 verbose gentlyRm don't care about contents; nuking /home/northout/node_modules/.staging/redux-4a69a6f2
249 verbose tar unpack /home/northout/.npm/node-bin-setup/1.0.6/package.tgz
250 verbose tar unpacking to /home/northout/node_modules/.staging/node-bin-setup-c9559e3c
251 silly gentlyRm /home/northout/node_modules/.staging/node-bin-setup-c9559e3c is being purged
252 verbose gentlyRm don't care about contents; nuking /home/northout/node_modules/.staging/node-bin-setup-c9559e3c
253 verbose tar unpack /home/northout/.npm/cors/2.8.5/package.tgz
254 verbose tar unpacking to /home/northout/node_modules/.staging/cors-eb182afa
255 silly gentlyRm /home/northout/node_modules/.staging/cors-eb182afa is being purged
256 verbose gentlyRm don't care about contents; nuking /home/northout/node_modules/.staging/cors-eb182afa
257 verbose tar unpack /home/northout/.npm/express/4.17.1/package.tgz
258 verbose tar unpacking to /home/northout/node_modules/.staging/express-7cbb9f07
259 silly gentlyRm /home/northout/node_modules/.staging/express-7cbb9f07 is being purged
260 verbose gentlyRm don't care about contents; nuking /home/northout/node_modules/.staging/express-7cbb9f07
261 verbose tar unpack /home/northout/.npm/express-fileupload/1.1.6/package.tgz
262 verbose tar unpacking to /home/northout/node_modules/.staging/express-fileupload-21b517c7
263 silly gentlyRm /home/northout/node_modules/.staging/express-fileupload-21b517c7 is being purged
264 verbose gentlyRm don't care about contents; nuking /home/northout/node_modules/.staging/express-fileupload-21b517c7
265 verbose tar unpack /home/northout/.npm/multer/1.4.2/package.tgz
266 verbose tar unpacking to /home/northout/node_modules/.staging/multer-943d3cf4
267 silly gentlyRm /home/northout/node_modules/.staging/multer-943d3cf4 is being purged
268 verbose gentlyRm don't care about contents; nuking /home/northout/node_modules/.staging/multer-943d3cf4
269 silly gentlyRm /home/northout/node_modules/.staging/node-70388391 is being purged from base /home/northout
270 verbose gentlyRm don't care about contents; nuking /home/northout/node_modules/.staging/node-70388391
271 verbose tar unpack /home/northout/.npm/package.json/2.0.1/package.tgz
272 verbose tar unpacking to /home/northout/node_modules/.staging/package.json-96b3756d
273 silly gentlyRm /home/northout/node_modules/.staging/package.json-96b3756d is being purged
274 verbose gentlyRm don't care about contents; nuking /home/northout/node_modules/.staging/package.json-96b3756d
275 verbose tar unpack /home/northout/.npm/react/16.13.0/package.tgz
276 verbose tar unpacking to /home/northout/node_modules/.staging/react-c9175539
277 silly gentlyRm /home/northout/node_modules/.staging/react-c9175539 is being purged
278 verbose gentlyRm don't care about contents; nuking /home/northout/node_modules/.staging/react-c9175539
279 verbose tar unpack /home/northout/.npm/react-redux/7.2.0/package.tgz
280 verbose tar unpacking to /home/northout/node_modules/.staging/react-redux-17a458d7
281 silly gentlyRm /home/northout/node_modules/.staging/react-redux-17a458d7 is being purged
282 verbose gentlyRm don't care about contents; nuking /home/northout/node_modules/.staging/react-redux-17a458d7
283 verbose tar unpack /home/northout/.npm/redux/4.0.5/package.tgz
284 verbose tar unpacking to /home/northout/node_modules/.staging/redux-4a69a6f2
285 silly gentlyRm /home/northout/node_modules/.staging/redux-4a69a6f2 is being purged
286 verbose gentlyRm don't care about contents; nuking /home/northout/node_modules/.staging/redux-4a69a6f2
287 silly gentlyRm /home/northout/node_modules/.staging/uuid-163b37ef is being purged from base /home/northout
288 verbose gentlyRm don't care about contents; nuking /home/northout/node_modules/.staging/uuid-163b37ef
289 silly gunzTarPerm modes [ '755', '644' ]
290 silly gunzTarPerm modes [ '755', '644' ]
291 silly gunzTarPerm modes [ '755', '644' ]
292 silly gunzTarPerm modes [ '755', '644' ]
293 silly gunzTarPerm modes [ '755', '644' ]
294 verbose tar unpack /home/northout/.npm/node/13.10.1/package.tgz
295 verbose tar unpacking to /home/northout/node_modules/.staging/node-70388391
296 silly gentlyRm /home/northout/node_modules/.staging/node-70388391 is being purged
297 verbose gentlyRm don't care about contents; nuking /home/northout/node_modules/.staging/node-70388391
298 silly gunzTarPerm modes [ '755', '644' ]
299 silly gunzTarPerm modes [ '755', '644' ]
300 silly gunzTarPerm modes [ '755', '644' ]
301 silly gunzTarPerm modes [ '755', '644' ]
302 verbose tar unpack /home/northout/.npm/uuid/7.0.2/package.tgz
303 verbose tar unpacking to /home/northout/node_modules/.staging/uuid-163b37ef
304 silly gentlyRm /home/northout/node_modules/.staging/uuid-163b37ef is being purged
305 verbose gentlyRm don't care about contents; nuking /home/northout/node_modules/.staging/uuid-163b37ef
306 silly gunzTarPerm modes [ '755', '644' ]
307 silly gunzTarPerm modes [ '755', '644' ]
308 silly gunzTarPerm extractEntry package.json
309 silly gunzTarPerm extractEntry package.json
310 silly gunzTarPerm extractEntry package.json
311 silly gunzTarPerm extractEntry .eslintignore
312 silly gunzTarPerm extractEntry package.json
313 silly gunzTarPerm extractEntry package.json
314 silly gunzTarPerm modified mode [ 'package.json', 436, 420 ]
315 silly gunzTarPerm extractEntry package.json
316 silly gunzTarPerm extractEntry es/alternate-renderers.js
317 silly gunzTarPerm modified mode [ 'es/alternate-renderers.js', 438, 420 ]
318 silly gunzTarPerm extractEntry src/utils/actionTypes.js
319 silly gunzTarPerm extractEntry installArchSpecificPackage.js
320 silly gunzTarPerm extractEntry dist/bin/uuid
321 silly gunzTarPerm extractEntry lib/alternate-renderers.js
322 silly gunzTarPerm modified mode [ 'lib/alternate-renderers.js', 438, 420 ]
323 silly gunzTarPerm extractEntry src/alternate-renderers.js
324 silly gunzTarPerm modified mode [ 'src/alternate-renderers.js', 438, 420 ]
325 silly gunzTarPerm extractEntry index.js
326 silly gunzTarPerm extractEntry CONTRIBUTING.md
327 silly gunzTarPerm extractEntry HISTORY.md
328 silly gunzTarPerm extractEntry History.md
329 silly gunzTarPerm extractEntry .eslintrc
330 silly gunzTarPerm extractEntry .prettierrc
331 silly gunzTarPerm extractEntry CHANGELOG.md
332 silly gunzTarPerm extractEntry index.js
333 silly gunzTarPerm extractEntry README.md
334 silly gunzTarPerm modified mode [ 'README.md', 436, 420 ]
335 silly gunzTarPerm extractEntry LICENSE
336 silly gunzTarPerm modified mode [ 'LICENSE', 436, 420 ]
337 silly gunzTarPerm extractEntry build-info.json
338 silly gunzTarPerm extractEntry index.js
339 silly gunzTarPerm extractEntry index.js
340 silly gunzTarPerm extractEntry package.json
341 silly gunzTarPerm extractEntry README.md
342 silly gunzTarPerm extractEntry src/applyMiddleware.js
343 silly gunzTarPerm extractEntry src/bindActionCreators.js
344 silly gunzTarPerm extractEntry dist/bytesToUuid.js
345 silly gunzTarPerm extractEntry dist/esm-browser/bytesToUuid.js
346 silly gunzTarPerm extractEntry LICENSE
347 silly gunzTarPerm extractEntry test/files/basket.ball.bp
348 silly gunzTarPerm extractEntry LICENSE
349 silly gunzTarPerm extractEntry README.md
350 silly gunzTarPerm extractEntry LICENSE
351 silly gunzTarPerm extractEntry Readme.md
352 silly gunzTarPerm extractEntry lib/application.js
353 silly gunzTarPerm extractEntry LICENSE
354 silly gunzTarPerm extractEntry README.md
355 silly gunzTarPerm extractEntry LICENSE
356 silly gunzTarPerm extractEntry README.md
357 silly gunzTarPerm extractEntry lib/index.js
358 silly gunzTarPerm modified mode [ 'lib/index.js', 436, 420 ]
359 silly gunzTarPerm extractEntry es/utils/batch.js
360 silly gunzTarPerm modified mode [ 'es/utils/batch.js', 438, 420 ]
361 silly gunzTarPerm extractEntry lib/utils/batch.js
362 silly gunzTarPerm modified mode [ 'lib/utils/batch.js', 438, 420 ]
363 silly gunzTarPerm extractEntry lib/express.js
364 silly gunzTarPerm extractEntry lib/middleware/init.js
365 silly gunzTarPerm extractEntry src/combineReducers.js
366 silly gunzTarPerm extractEntry src/compose.js
367 silly gunzTarPerm extractEntry dist/esm-node/bytesToUuid.js
368 silly gunzTarPerm extractEntry dist/esm-browser/index.js
369 silly gunzTarPerm extractEntry lib/middleware/query.js
370 silly gunzTarPerm extractEntry lib/request.js
371 silly gunzTarPerm extractEntry cjs/react.development.js
372 silly gunzTarPerm extractEntry cjs/react.production.min.js
373 silly gunzTarPerm extractEntry umd/react.development.js
374 silly gunzTarPerm extractEntry umd/react.production.min.js
375 silly gunzTarPerm extractEntry umd/react.profiling.min.js
376 silly gunzTarPerm extractEntry lib/index.js
377 silly gunzTarPerm extractEntry lib/counter.js
378 silly gunzTarPerm extractEntry src/utils/batch.js
379 silly gunzTarPerm modified mode [ 'src/utils/batch.js', 438, 420 ]
380 silly gunzTarPerm extractEntry es/connect/connect.js
381 silly gunzTarPerm modified mode [ 'es/connect/connect.js', 438, 420 ]
382 silly gunzTarPerm extractEntry lib/response.js
383 silly gunzTarPerm extractEntry dist/esm-node/index.js
384 silly gunzTarPerm extractEntry dist/index.js
385 silly gentlyRm /home/northout/node_modules/.staging/node-bin-setup-c9559e3c/node_modules is being purged
386 verbose gentlyRm don't care about contents; nuking /home/northout/node_modules/.staging/node-bin-setup-c9559e3c/node_modules
387 silly gunzTarPerm extractEntry src/createStore.js
388 silly gunzTarPerm extractEntry src/index.js
389 silly gunzTarPerm extractEntry src/utils/isPlainObject.js
390 silly gunzTarPerm extractEntry dist/redux.js
391 silly gunzTarPerm extractEntry es/redux.js
392 silly gunzTarPerm extractEntry lib/redux.js
393 silly gunzTarPerm extractEntry dist/redux.min.js
394 silly gunzTarPerm extractEntry src/utils/warning.js
395 silly gunzTarPerm extractEntry package.json
396 silly gunzTarPerm extractEntry CHANGELOG.md
397 silly gunzTarPerm extractEntry LICENSE.md
398 silly gunzTarPerm extractEntry README.md
399 silly gunzTarPerm extractEntry es/redux.mjs
400 silly gunzTarPerm extractEntry index.d.ts
401 silly gunzTarPerm extractEntry example/index.html
402 silly gunzTarPerm extractEntry lib/fileFactory.js
403 silly gunzTarPerm extractEntry test/fileFactory.spec.js
404 silly gunzTarPerm extractEntry lib/file-appender.js
405 silly gunzTarPerm extractEntry lib/make-middleware.js
406 silly gunzTarPerm extractEntry lib/connect/connect.js
407 silly gunzTarPerm modified mode [ 'lib/connect/connect.js', 438, 420 ]
408 silly gunzTarPerm extractEntry src/connect/connect.js
409 silly gunzTarPerm modified mode [ 'src/connect/connect.js', 438, 420 ]
410 silly gunzTarPerm extractEntry es/components/connectAdvanced.js
411 silly gunzTarPerm modified mode [ 'es/components/connectAdvanced.js', 438, 420 ]
412 silly gunzTarPerm extractEntry lib/components/connectAdvanced.js
413 silly gunzTarPerm modified mode [ 'lib/components/connectAdvanced.js', 438, 420 ]
414 silly gunzTarPerm extractEntry src/components/connectAdvanced.js
415 silly gunzTarPerm modified mode [ 'src/components/connectAdvanced.js', 438, 420 ]
416 silly gunzTarPerm extractEntry es/components/Context.js
417 silly gunzTarPerm modified mode [ 'es/components/Context.js', 438, 420 ]
418 silly gunzTarPerm extractEntry lib/components/Context.js
419 silly gunzTarPerm modified mode [ 'lib/components/Context.js', 438, 420 ]
420 silly gunzTarPerm extractEntry src/components/Context.js
421 silly gunzTarPerm modified mode [ 'src/components/Context.js', 438, 420 ]
422 silly gunzTarPerm extractEntry es/index.js
423 silly gunzTarPerm modified mode [ 'es/index.js', 438, 420 ]
424 silly gunzTarPerm extractEntry lib/index.js
425 silly gunzTarPerm modified mode [ 'lib/index.js', 438, 420 ]
426 silly gunzTarPerm extractEntry src/index.js
427 silly gunzTarPerm modified mode [ 'src/index.js', 438, 420 ]
428 silly gunzTarPerm extractEntry es/utils/isPlainObject.js
429 silly gunzTarPerm modified mode [ 'es/utils/isPlainObject.js', 438, 420 ]
430 silly gunzTarPerm extractEntry lib/utils/isPlainObject.js
431 silly gunzTarPerm modified mode [ 'lib/utils/isPlainObject.js', 438, 420 ]
432 silly gunzTarPerm extractEntry src/utils/isPlainObject.js
433 silly gunzTarPerm modified mode [ 'src/utils/isPlainObject.js', 438, 420 ]
434 silly gunzTarPerm extractEntry es/connect/mapDispatchToProps.js
435 silly gunzTarPerm modified mode [ 'es/connect/mapDispatchToProps.js', 438, 420 ]
436 silly gunzTarPerm extractEntry lib/connect/mapDispatchToProps.js
437 silly gunzTarPerm modified mode [ 'lib/connect/mapDispatchToProps.js', 438, 420 ]
438 silly gunzTarPerm extractEntry src/connect/mapDispatchToProps.js
439 silly gunzTarPerm modified mode [ 'src/connect/mapDispatchToProps.js', 438, 420 ]
440 silly gunzTarPerm extractEntry es/connect/mapStateToProps.js
441 silly gunzTarPerm modified mode [ 'es/connect/mapStateToProps.js', 438, 420 ]
442 silly gunzTarPerm extractEntry lib/connect/mapStateToProps.js
443 silly gunzTarPerm modified mode [ 'lib/connect/mapStateToProps.js', 438, 420 ]
444 silly gunzTarPerm extractEntry src/connect/mapStateToProps.js
445 silly gunzTarPerm modified mode [ 'src/connect/mapStateToProps.js', 438, 420 ]
446 silly gunzTarPerm extractEntry es/connect/mergeProps.js
447 silly gunzTarPerm modified mode [ 'es/connect/mergeProps.js', 438, 420 ]
448 silly gunzTarPerm extractEntry lib/connect/mergeProps.js
449 silly gunzTarPerm modified mode [ 'lib/connect/mergeProps.js', 438, 420 ]
450 silly gunzTarPerm extractEntry src/connect/mergeProps.js
451 silly gunzTarPerm modified mode [ 'src/connect/mergeProps.js', 438, 420 ]
452 silly gunzTarPerm extractEntry es/components/Provider.js
453 silly gunzTarPerm modified mode [ 'es/components/Provider.js', 438, 420 ]
454 silly gunzTarPerm extractEntry lib/components/Provider.js
455 silly gunzTarPerm modified mode [ 'lib/components/Provider.js', 438, 420 ]
456 silly gunzTarPerm extractEntry src/components/Provider.js
457 silly gunzTarPerm modified mode [ 'src/components/Provider.js', 438, 420 ]
458 silly gunzTarPerm extractEntry dist/react-redux.js
459 silly gunzTarPerm modified mode [ 'dist/react-redux.js', 438, 420 ]
460 silly gunzTarPerm extractEntry dist/react-redux.min.js
461 silly gunzTarPerm modified mode [ 'dist/react-redux.min.js', 438, 420 ]
462 silly gunzTarPerm extractEntry es/utils/reactBatchedUpdates.js
463 silly gunzTarPerm modified mode [ 'es/utils/reactBatchedUpdates.js', 438, 420 ]
464 silly gunzTarPerm extractEntry lib/utils/reactBatchedUpdates.js
465 silly gunzTarPerm modified mode [ 'lib/utils/reactBatchedUpdates.js', 438, 420 ]
466 silly gunzTarPerm extractEntry src/utils/reactBatchedUpdates.js
467 silly gunzTarPerm modified mode [ 'src/utils/reactBatchedUpdates.js', 438, 420 ]
468 silly gunzTarPerm extractEntry es/utils/reactBatchedUpdates.native.js
469 silly gunzTarPerm modified mode [ 'es/utils/reactBatchedUpdates.native.js', 438, 420 ]
470 silly gunzTarPerm extractEntry lib/utils/reactBatchedUpdates.native.js
471 silly gunzTarPerm modified mode [ 'lib/utils/reactBatchedUpdates.native.js', 438, 420 ]
472 silly gunzTarPerm extractEntry src/utils/reactBatchedUpdates.native.js
473 silly gunzTarPerm modified mode [ 'src/utils/reactBatchedUpdates.native.js', 438, 420 ]
474 silly gunzTarPerm extractEntry es/connect/selectorFactory.js
475 silly gunzTarPerm modified mode [ 'es/connect/selectorFactory.js', 438, 420 ]
476 silly gunzTarPerm extractEntry lib/connect/selectorFactory.js
477 silly gunzTarPerm modified mode [ 'lib/connect/selectorFactory.js', 438, 420 ]
478 silly gunzTarPerm extractEntry src/connect/selectorFactory.js
479 silly gunzTarPerm modified mode [ 'src/connect/selectorFactory.js', 438, 420 ]
480 silly gunzTarPerm extractEntry es/utils/shallowEqual.js
481 silly gunzTarPerm modified mode [ 'es/utils/shallowEqual.js', 438, 420 ]
482 silly gunzTarPerm extractEntry lib/utils/shallowEqual.js
483 silly gunzTarPerm modified mode [ 'lib/utils/shallowEqual.js', 438, 420 ]
484 silly gunzTarPerm extractEntry src/utils/shallowEqual.js
485 silly gunzTarPerm modified mode [ 'src/utils/shallowEqual.js', 438, 420 ]
486 silly gunzTarPerm extractEntry es/utils/Subscription.js
487 silly gunzTarPerm modified mode [ 'es/utils/Subscription.js', 438, 420 ]
488 silly gunzTarPerm extractEntry lib/utils/Subscription.js
489 silly gunzTarPerm modified mode [ 'lib/utils/Subscription.js', 438, 420 ]
490 silly gunzTarPerm extractEntry src/utils/Subscription.js
491 silly gunzTarPerm modified mode [ 'src/utils/Subscription.js', 438, 420 ]
492 silly gunzTarPerm extractEntry es/hooks/useDispatch.js
493 silly gunzTarPerm modified mode [ 'es/hooks/useDispatch.js', 438, 420 ]
494 silly gunzTarPerm extractEntry lib/hooks/useDispatch.js
495 silly gunzTarPerm modified mode [ 'lib/hooks/useDispatch.js', 438, 420 ]
496 silly gunzTarPerm extractEntry src/hooks/useDispatch.js
497 silly gunzTarPerm modified mode [ 'src/hooks/useDispatch.js', 438, 420 ]
498 silly gunzTarPerm extractEntry es/utils/useIsomorphicLayoutEffect.js
499 silly gunzTarPerm modified mode [ 'es/utils/useIsomorphicLayoutEffect.js', 438, 420 ]
500 silly gunzTarPerm extractEntry lib/utils/useIsomorphicLayoutEffect.js
501 silly gunzTarPerm modified mode [ 'lib/utils/useIsomorphicLayoutEffect.js', 438, 420 ]
502 silly gunzTarPerm extractEntry src/utils/useIsomorphicLayoutEffect.js
503 silly gunzTarPerm modified mode [ 'src/utils/useIsomorphicLayoutEffect.js', 438, 420 ]
504 silly gunzTarPerm extractEntry es/utils/useIsomorphicLayoutEffect.native.js
505 silly gunzTarPerm modified mode [ 'es/utils/useIsomorphicLayoutEffect.native.js', 438, 420 ]
506 silly gunzTarPerm extractEntry lib/utils/useIsomorphicLayoutEffect.native.js
507 silly gunzTarPerm modified mode [ 'lib/utils/useIsomorphicLayoutEffect.native.js', 438, 420 ]
508 silly gunzTarPerm extractEntry src/utils/useIsomorphicLayoutEffect.native.js
509 silly gunzTarPerm modified mode [ 'src/utils/useIsomorphicLayoutEffect.native.js', 438, 420 ]
510 silly gunzTarPerm extractEntry es/hooks/useReduxContext.js
511 silly gunzTarPerm modified mode [ 'es/hooks/useReduxContext.js', 438, 420 ]
512 silly gunzTarPerm extractEntry lib/hooks/useReduxContext.js
513 silly gunzTarPerm modified mode [ 'lib/hooks/useReduxContext.js', 438, 420 ]
514 silly gunzTarPerm extractEntry src/hooks/useReduxContext.js
515 silly gunzTarPerm modified mode [ 'src/hooks/useReduxContext.js', 438, 420 ]
516 silly gunzTarPerm extractEntry es/hooks/useSelector.js
517 silly gunzTarPerm modified mode [ 'es/hooks/useSelector.js', 438, 420 ]
518 silly gunzTarPerm extractEntry lib/hooks/useSelector.js
519 silly gunzTarPerm modified mode [ 'lib/hooks/useSelector.js', 438, 420 ]
520 silly gunzTarPerm extractEntry src/hooks/useSelector.js
521 silly gunzTarPerm modified mode [ 'src/hooks/useSelector.js', 438, 420 ]
522 silly gunzTarPerm extractEntry es/hooks/useStore.js
523 silly gunzTarPerm modified mode [ 'es/hooks/useStore.js', 438, 420 ]
524 silly gunzTarPerm extractEntry lib/hooks/useStore.js
525 silly gunzTarPerm modified mode [ 'lib/hooks/useStore.js', 438, 420 ]
526 silly gunzTarPerm extractEntry src/hooks/useStore.js
527 silly gunzTarPerm modified mode [ 'src/hooks/useStore.js', 438, 420 ]
528 silly gunzTarPerm extractEntry es/utils/verifyPlainObject.js
529 silly gunzTarPerm modified mode [ 'es/utils/verifyPlainObject.js', 438, 420 ]
530 silly gunzTarPerm extractEntry lib/utils/verifyPlainObject.js
531 silly gunzTarPerm modified mode [ 'lib/utils/verifyPlainObject.js', 438, 420 ]
532 silly gunzTarPerm extractEntry src/utils/verifyPlainObject.js
533 silly gunzTarPerm modified mode [ 'src/utils/verifyPlainObject.js', 438, 420 ]
534 silly gunzTarPerm extractEntry es/connect/verifySubselectors.js
535 silly gunzTarPerm modified mode [ 'es/connect/verifySubselectors.js', 438, 420 ]
536 silly gunzTarPerm extractEntry lib/connect/verifySubselectors.js
537 silly gunzTarPerm modified mode [ 'lib/connect/verifySubselectors.js', 438, 420 ]
538 silly gunzTarPerm extractEntry src/connect/verifySubselectors.js
539 silly gunzTarPerm modified mode [ 'src/connect/verifySubselectors.js', 438, 420 ]
540 silly gunzTarPerm extractEntry es/utils/warning.js
541 silly gunzTarPerm modified mode [ 'es/utils/warning.js', 438, 420 ]
542 silly gunzTarPerm extractEntry lib/utils/warning.js
543 silly gunzTarPerm modified mode [ 'lib/utils/warning.js', 438, 420 ]
544 silly gunzTarPerm extractEntry src/utils/warning.js
545 silly gunzTarPerm modified mode [ 'src/utils/warning.js', 438, 420 ]
546 silly gunzTarPerm extractEntry es/utils/wrapActionCreators.js
547 silly gunzTarPerm modified mode [ 'es/utils/wrapActionCreators.js', 438, 420 ]
548 silly gunzTarPerm extractEntry lib/utils/wrapActionCreators.js
549 silly gunzTarPerm modified mode [ 'lib/utils/wrapActionCreators.js', 438, 420 ]
550 silly gunzTarPerm extractEntry src/utils/wrapActionCreators.js
551 silly gunzTarPerm modified mode [ 'src/utils/wrapActionCreators.js', 438, 420 ]
552 silly gunzTarPerm extractEntry es/connect/wrapMapToProps.js
553 silly gunzTarPerm modified mode [ 'es/connect/wrapMapToProps.js', 438, 420 ]
554 silly gunzTarPerm extractEntry lib/connect/wrapMapToProps.js
555 silly gunzTarPerm modified mode [ 'lib/connect/wrapMapToProps.js', 438, 420 ]
556 silly gunzTarPerm extractEntry src/connect/wrapMapToProps.js
557 silly gunzTarPerm modified mode [ 'src/connect/wrapMapToProps.js', 438, 420 ]
558 silly gunzTarPerm extractEntry package.json
559 silly gunzTarPerm modified mode [ 'package.json', 438, 420 ]
560 silly gunzTarPerm extractEntry CHANGELOG.md
561 silly gunzTarPerm modified mode [ 'CHANGELOG.md', 438, 420 ]
562 silly gunzTarPerm extractEntry LICENSE.md
563 silly gunzTarPerm modified mode [ 'LICENSE.md', 438, 420 ]
564 silly gunzTarPerm extractEntry README.md
565 silly gunzTarPerm modified mode [ 'README.md', 438, 420 ]
566 silly gunzTarPerm extractEntry lib/router/index.js
567 silly gunzTarPerm extractEntry lib/router/layer.js
568 silly gunzTarPerm extractEntry dist/md5-browser.js
569 silly gunzTarPerm extractEntry dist/esm-browser/md5.js
570 silly gunzTarPerm extractEntry dist/esm-node/md5.js
571 silly gunzTarPerm extractEntry dist/md5.js
572 silly gunzTarPerm extractEntry dist/rng-browser.js
573 silly gunzTarPerm extractEntry dist/esm-browser/rng.js
574 silly gunzTarPerm extractEntry dist/esm-node/rng.js
575 silly gunzTarPerm extractEntry dist/rng.js
576 silly gunzTarPerm extractEntry dist/sha1-browser.js
577 silly gunzTarPerm extractEntry dist/esm-browser/sha1.js
578 silly gunzTarPerm extractEntry dist/esm-node/sha1.js
579 silly gunzTarPerm extractEntry dist/sha1.js
580 silly gunzTarPerm extractEntry dist/uuid-bin.js
581 silly gunzTarPerm extractEntry dist/umd/uuid.min.js
582 silly gunzTarPerm extractEntry dist/umd/uuidv1.min.js
583 silly gunzTarPerm extractEntry dist/umd/uuidv3.min.js
584 silly gunzTarPerm extractEntry dist/umd/uuidv4.min.js
585 silly gunzTarPerm extractEntry dist/umd/uuidv5.min.js
586 silly gunzTarPerm extractEntry dist/esm-browser/v1.js
587 silly gunzTarPerm extractEntry dist/esm-node/v1.js
588 silly gunzTarPerm extractEntry dist/v1.js
589 silly gunzTarPerm extractEntry v1.js
590 silly gunzTarPerm extractEntry dist/esm-browser/v3.js
591 silly gunzTarPerm extractEntry dist/esm-node/v3.js
592 silly gunzTarPerm extractEntry dist/v3.js
593 silly gunzTarPerm extractEntry v3.js
594 silly gunzTarPerm extractEntry dist/esm-browser/v35.js
595 silly gunzTarPerm extractEntry dist/esm-node/v35.js
596 silly gunzTarPerm extractEntry dist/v35.js
597 silly gunzTarPerm extractEntry dist/esm-browser/v4.js
598 silly gunzTarPerm extractEntry dist/esm-node/v4.js
599 silly gunzTarPerm extractEntry dist/v4.js
600 silly gunzTarPerm extractEntry v4.js
601 silly gunzTarPerm extractEntry dist/esm-browser/v5.js
602 silly gunzTarPerm extractEntry dist/esm-node/v5.js
603 silly gunzTarPerm extractEntry dist/v5.js
604 silly gunzTarPerm extractEntry v5.js
605 silly gunzTarPerm extractEntry package.json
606 silly gunzTarPerm extractEntry CHANGELOG.md
607 silly gunzTarPerm extractEntry CONTRIBUTING.md
608 silly gunzTarPerm extractEntry LICENSE.md
609 silly gunzTarPerm extractEntry README.md
610 silly gunzTarPerm extractEntry test/fileLimitUploads.spec.js
611 silly gunzTarPerm extractEntry lib/index.js
612 silly gunzTarPerm extractEntry lib/isEligibleRequest.js
613 silly gunzTarPerm extractEntry lib/multer-error.js
614 silly gunzTarPerm extractEntry lib/remove-uploaded-files.js
615 silly gunzTarPerm extractEntry lib/memHandler.js
616 silly gunzTarPerm extractEntry lib/router/route.js
617 silly gunzTarPerm extractEntry lib/utils.js
618 silly gentlyRm /home/northout/node_modules/.staging/node-70388391/node_modules is being purged
619 verbose gentlyRm don't care about contents; nuking /home/northout/node_modules/.staging/node-70388391/node_modules
620 silly gunzTarPerm extractEntry test/multipartFields.spec.js
621 silly gunzTarPerm extractEntry test/multipartUploads.spec.js
622 silly gunzTarPerm extractEntry test/options.spec.js
623 silly gunzTarPerm extractEntry storage/disk.js
624 silly gunzTarPerm extractEntry storage/memory.js
625 silly gunzTarPerm extractEntry lib/processMultipart.js
626 silly gunzTarPerm extractEntry lib/view.js
627 silly gentlyRm /home/northout/node_modules/.staging/package.json-96b3756d/node_modules is being purged
628 verbose gentlyRm don't care about contents; nuking /home/northout/node_modules/.staging/package.json-96b3756d/node_modules
629 silly gunzTarPerm extractEntry lib/processNested.js
630 silly gunzTarPerm extractEntry test/processNested.spec.js
631 silly gunzTarPerm extractEntry example/server.js
632 silly gunzTarPerm extractEntry test/server.js
633 silly gunzTarPerm extractEntry test/tempFile.spec.js
634 silly gentlyRm /home/northout/node_modules/.staging/cors-eb182afa/node_modules is being purged
635 verbose gentlyRm don't care about contents; nuking /home/northout/node_modules/.staging/cors-eb182afa/node_modules
636 silly gunzTarPerm extractEntry lib/tempFileHandler.js
637 silly gunzTarPerm extractEntry lib/utilities.js
638 silly gunzTarPerm extractEntry test/utilities.spec.js
639 silly gunzTarPerm extractEntry package.json
640 silly gunzTarPerm extractEntry example/README.md
641 silly gunzTarPerm extractEntry README.md
642 silly gunzTarPerm extractEntry test/files/basketball.png
643 silly gunzTarPerm extractEntry test/files/car.png
644 silly gentlyRm /home/northout/node_modules/.staging/react-c9175539/node_modules is being purged
645 verbose gentlyRm don't care about contents; nuking /home/northout/node_modules/.staging/react-c9175539/node_modules
646 silly gentlyRm /home/northout/node_modules/.staging/multer-943d3cf4/node_modules is being purged
647 verbose gentlyRm don't care about contents; nuking /home/northout/node_modules/.staging/multer-943d3cf4/node_modules
648 silly gunzTarPerm extractEntry test/files/tree.png
649 silly gunzTarPerm extractEntry test/files/my$Invalid#fileName.png123
650 silly gentlyRm /home/northout/node_modules/.staging/express-7cbb9f07/node_modules is being purged
651 verbose gentlyRm don't care about contents; nuking /home/northout/node_modules/.staging/express-7cbb9f07/node_modules
652 silly gunzTarPerm extractEntry example/uploads/placeholder.txt
653 silly gunzTarPerm extractEntry .travis.yml
654 silly gentlyRm /home/northout/node_modules/.staging/redux-4a69a6f2/node_modules is being purged
655 verbose gentlyRm don't care about contents; nuking /home/northout/node_modules/.staging/redux-4a69a6f2/node_modules
656 silly gentlyRm /home/northout/node_modules/.staging/uuid-163b37ef/node_modules is being purged
657 verbose gentlyRm don't care about contents; nuking /home/northout/node_modules/.staging/uuid-163b37ef/node_modules
658 silly gentlyRm /home/northout/node_modules/.staging/express-fileupload-21b517c7/node_modules is being purged
659 verbose gentlyRm don't care about contents; nuking /home/northout/node_modules/.staging/express-fileupload-21b517c7/node_modules
660 silly gentlyRm /home/northout/node_modules/.staging/react-redux-17a458d7/node_modules is being purged
661 verbose gentlyRm don't care about contents; nuking /home/northout/node_modules/.staging/react-redux-17a458d7/node_modules
662 silly doParallel preinstall 11
663 silly preinstall node-bin-setup@1.0.6 /home/northout/node_modules/.staging/node-bin-setup-c9559e3c
664 info lifecycle node-bin-setup@1.0.6~preinstall: node-bin-setup@1.0.6
665 silly preinstall cors@2.8.5 /home/northout/node_modules/.staging/cors-eb182afa
666 info lifecycle cors@2.8.5~preinstall: cors@2.8.5
667 silly preinstall express@4.17.1 /home/northout/node_modules/.staging/express-7cbb9f07
668 info lifecycle express@4.17.1~preinstall: express@4.17.1
669 silly preinstall express-fileupload@1.1.6 /home/northout/node_modules/.staging/express-fileupload-21b517c7
670 info lifecycle express-fileupload@1.1.6~preinstall: express-fileupload@1.1.6
671 silly preinstall multer@1.4.2 /home/northout/node_modules/.staging/multer-943d3cf4
672 info lifecycle multer@1.4.2~preinstall: multer@1.4.2
673 silly preinstall node@13.10.1 /home/northout/node_modules/.staging/node-70388391
674 info lifecycle node@13.10.1~preinstall: node@13.10.1
675 silly preinstall package.json@2.0.1 /home/northout/node_modules/.staging/package.json-96b3756d
676 info lifecycle package.json@2.0.1~preinstall: package.json@2.0.1
677 silly preinstall react@16.13.0 /home/northout/node_modules/.staging/react-c9175539
678 info lifecycle react@16.13.0~preinstall: react@16.13.0
679 silly preinstall react-redux@7.2.0 /home/northout/node_modules/.staging/react-redux-17a458d7
680 info lifecycle react-redux@7.2.0~preinstall: react-redux@7.2.0
681 silly preinstall redux@4.0.5 /home/northout/node_modules/.staging/redux-4a69a6f2
682 info lifecycle redux@4.0.5~preinstall: redux@4.0.5
683 silly preinstall uuid@7.0.2 /home/northout/node_modules/.staging/uuid-163b37ef
684 info lifecycle uuid@7.0.2~preinstall: uuid@7.0.2
685 silly lifecycle node-bin-setup@1.0.6~preinstall: no script for preinstall, continuing
686 silly lifecycle cors@2.8.5~preinstall: no script for preinstall, continuing
687 silly lifecycle express@4.17.1~preinstall: no script for preinstall, continuing
688 silly lifecycle express-fileupload@1.1.6~preinstall: no script for preinstall, continuing
689 silly lifecycle multer@1.4.2~preinstall: no script for preinstall, continuing
690 verbose lifecycle node@13.10.1~preinstall: unsafe-perm in lifecycle true
691 verbose lifecycle node@13.10.1~preinstall: PATH: /usr/share/npm/bin/node-gyp-bin:/home/northout/node_modules/.staging/node-70388391/node_modules/.bin:/home/northout/node_modules/.bin:/home/northout/.local/bin:/usr/local/sbin:/usr/local/bin:/usr/sbin:/usr/bin:/sbin:/bin:/usr/games:/usr/local/games:/snap/bin
692 verbose lifecycle node@13.10.1~preinstall: CWD: /home/northout/node_modules/.staging/node-70388391
693 silly lifecycle node@13.10.1~preinstall: Args: [ '-c', 'node installArchSpecificPackage' ]
694 silly lifecycle package.json@2.0.1~preinstall: no script for preinstall, continuing
695 silly lifecycle react@16.13.0~preinstall: no script for preinstall, continuing
696 silly lifecycle react-redux@7.2.0~preinstall: no script for preinstall, continuing
697 silly lifecycle redux@4.0.5~preinstall: no script for preinstall, continuing
698 silly lifecycle uuid@7.0.2~preinstall: no script for preinstall, continuing
699 silly lifecycle node@13.10.1~preinstall: Returned: code: 1  signal: null
700 info lifecycle node@13.10.1~preinstall: Failed to exec preinstall script
701 verbose unlock done using /home/northout/.npm/_locks/staging-11979f0ffacfe55e.lock for /home/northout/node_modules/.staging
702 silly rollbackFailedOptional Starting
703 silly rollbackFailedOptional Finishing
704 silly runTopLevelLifecycles Starting
705 silly runTopLevelLifecycles Finishing
706 silly install printInstalled
707 warn enoent ENOENT: no such file or directory, open '/home/northout/package.json'
708 warn northout No description
709 warn northout No repository field.
710 warn northout No README data
711 warn northout No license field.
712 verbose stack Error: node@13.10.1 preinstall: `node installArchSpecificPackage`
712 verbose stack Exit status 1
712 verbose stack     at EventEmitter.<anonymous> (/usr/share/npm/lib/utils/lifecycle.js:232:16)
712 verbose stack     at emitTwo (events.js:126:13)
712 verbose stack     at EventEmitter.emit (events.js:214:7)
712 verbose stack     at ChildProcess.<anonymous> (/usr/share/npm/lib/utils/spawn.js:24:14)
712 verbose stack     at emitTwo (events.js:126:13)
712 verbose stack     at ChildProcess.emit (events.js:214:7)
712 verbose stack     at maybeClose (internal/child_process.js:925:16)
712 verbose stack     at Process.ChildProcess._handle.onexit (internal/child_process.js:209:5)
713 verbose pkgid node@13.10.1
714 verbose cwd /home/northout/server
715 error Linux 5.3.0-40-generic
716 error argv "/usr/bin/node" "/usr/bin/npm" "install" "node"
717 error node v8.10.0
718 error npm  v3.5.2
719 error code ELIFECYCLE
720 error node@13.10.1 preinstall: `node installArchSpecificPackage`
720 error Exit status 1
721 error Failed at the node@13.10.1 preinstall script 'node installArchSpecificPackage'.
721 error Make sure you have the latest version of node.js and npm installed.
721 error If you do, this is most likely a problem with the node package,
721 error not with npm itself.
721 error Tell the author that this fails on your system:
721 error     node installArchSpecificPackage
721 error You can get information on how to open an issue for this project with:
721 error     npm bugs node
721 error Or if that isn't available, you can get their info via:
721 error     npm owner ls node
721 error There is likely additional logging output above.
722 verbose exit [ 1, true ]
